<?xml version="1.0" encoding="UTF-8" standalone="no"?>
<debugInfo>
<pcToLineNum>
<entry filename="C:\\Users\\tommo\\eclipse-workspace\\test-proj\\source\\testprojView.mc" lineNum="12" pc="268435456" symbol="initialize"/>
<entry filename="C:\\Users\\tommo\\eclipse-workspace\\test-proj\\source\\testprojView.mc" lineNum="13" pc="268435460" symbol="initialize"/>
<entry filename="C:\\Users\\tommo\\eclipse-workspace\\test-proj\\source\\testprojView.mc" lineNum="17" pc="268435479" symbol="onLayout"/>
<entry filename="C:\\Users\\tommo\\eclipse-workspace\\test-proj\\source\\testprojView.mc" lineNum="18" pc="268435483" symbol="onLayout"/>
<entry filename="C:\\Users\\tommo\\eclipse-workspace\\test-proj\\source\\testprojView.mc" lineNum="24" pc="268435521" symbol="onShow"/>
<entry filename="C:\\Users\\tommo\\eclipse-workspace\\test-proj\\source\\testprojView.mc" lineNum="27" pc="268435526" symbol="onUpdate"/>
<entry filename="C:\\Users\\tommo\\eclipse-workspace\\test-proj\\source\\testprojView.mc" lineNum="28" pc="268435530" symbol="onUpdate"/>
<entry filename="C:\\Users\\tommo\\eclipse-workspace\\test-proj\\source\\testprojView.mc" lineNum="29" pc="268435547" symbol="onUpdate"/>
<entry filename="C:\\Users\\tommo\\eclipse-workspace\\test-proj\\source\\testprojView.mc" lineNum="30" pc="268435621" symbol="onUpdate"/>
<entry filename="C:\\Users\\tommo\\eclipse-workspace\\test-proj\\source\\testprojView.mc" lineNum="31" pc="268435645" symbol="onUpdate"/>
<entry filename="C:\\Users\\tommo\\eclipse-workspace\\test-proj\\source\\testprojView.mc" lineNum="33" pc="268435659" symbol="onUpdate"/>
<entry filename="C:\\Users\\tommo\\eclipse-workspace\\test-proj\\source\\testprojView.mc" lineNum="34" pc="268435703" symbol="onUpdate"/>
<entry filename="C:\\Users\\tommo\\eclipse-workspace\\test-proj\\source\\testprojView.mc" lineNum="35" pc="268435719" symbol="onUpdate"/>
<entry filename="C:\\Users\\tommo\\eclipse-workspace\\test-proj\\source\\testprojView.mc" lineNum="36" pc="268435789" symbol="onUpdate"/>
<entry filename="C:\\Users\\tommo\\eclipse-workspace\\test-proj\\source\\testprojView.mc" lineNum="37" pc="268435813" symbol="onUpdate"/>
<entry filename="C:\\Users\\tommo\\eclipse-workspace\\test-proj\\source\\testprojView.mc" lineNum="39" pc="268435827" symbol="onUpdate"/>
<entry filename="C:\\Users\\tommo\\eclipse-workspace\\test-proj\\source\\testprojView.mc" lineNum="40" pc="268435850" symbol="onUpdate"/>
<entry filename="C:\\Users\\tommo\\eclipse-workspace\\test-proj\\source\\testprojView.mc" lineNum="42" pc="268435873" symbol="onUpdate"/>
<entry filename="C:\\Users\\tommo\\eclipse-workspace\\test-proj\\source\\testprojView.mc" lineNum="44" pc="268435898" symbol="onUpdate"/>
<entry filename="C:\\Users\\tommo\\eclipse-workspace\\test-proj\\source\\testprojView.mc" lineNum="45" pc="268435909" symbol="onUpdate"/>
<entry filename="C:\\Users\\tommo\\eclipse-workspace\\test-proj\\source\\testprojView.mc" lineNum="46" pc="268435946" symbol="onUpdate"/>
<entry filename="C:\\Users\\tommo\\eclipse-workspace\\test-proj\\source\\testprojView.mc" lineNum="47" pc="268435970" symbol="onUpdate"/>
<entry filename="C:\\Users\\tommo\\eclipse-workspace\\test-proj\\source\\testprojView.mc" lineNum="48" pc="268435992" symbol="onUpdate"/>
<entry filename="C:\\Users\\tommo\\eclipse-workspace\\test-proj\\source\\testprojView.mc" lineNum="51" pc="268436009" symbol="onUpdate"/>
<entry filename="C:\\Users\\tommo\\eclipse-workspace\\test-proj\\source\\testprojView.mc" lineNum="52" pc="268436033" symbol="onUpdate"/>
<entry filename="C:\\Users\\tommo\\eclipse-workspace\\test-proj\\source\\testprojView.mc" lineNum="55" pc="268436050" symbol="onUpdate"/>
<entry filename="C:\\Users\\tommo\\eclipse-workspace\\test-proj\\source\\testprojView.mc" lineNum="57" pc="268436089" symbol="onUpdate"/>
<entry filename="C:\\Users\\tommo\\eclipse-workspace\\test-proj\\source\\testprojView.mc" lineNum="63" pc="268436110" symbol="onHide"/>
<entry filename="C:\\Users\\tommo\\eclipse-workspace\\test-proj\\source\\testprojView.mc" lineNum="67" pc="268436115" symbol="onExitSleep"/>
<entry filename="C:\\Users\\tommo\\eclipse-workspace\\test-proj\\source\\testprojView.mc" lineNum="68" pc="268436119" symbol="onExitSleep"/>
<entry filename="C:\\Users\\tommo\\eclipse-workspace\\test-proj\\source\\testprojView.mc" lineNum="72" pc="268436130" symbol="onEnterSleep"/>
<entry filename="C:\\Users\\tommo\\eclipse-workspace\\test-proj\\source\\testprojView.mc" lineNum="73" pc="268436134" symbol="onEnterSleep"/>
<entry filename="C:\\Users\\tommo\\eclipse-workspace\\test-proj\\source\\testprojApp.mc" lineNum="5" pc="268436145" symbol="initialize"/>
<entry filename="C:\\Users\\tommo\\eclipse-workspace\\test-proj\\source\\testprojApp.mc" lineNum="6" pc="268436149" symbol="initialize"/>
<entry filename="C:\\Users\\tommo\\eclipse-workspace\\test-proj\\source\\testprojApp.mc" lineNum="10" pc="268436168" symbol="onStart"/>
<entry filename="C:\\Users\\tommo\\eclipse-workspace\\test-proj\\source\\testprojApp.mc" lineNum="14" pc="268436173" symbol="onStop"/>
<entry filename="C:\\Users\\tommo\\eclipse-workspace\\test-proj\\source\\testprojApp.mc" lineNum="18" pc="268436178" symbol="getInitialView"/>
<entry filename="C:\\Users\\tommo\\eclipse-workspace\\test-proj\\source\\testprojApp.mc" lineNum="19" pc="268436182" symbol="getInitialView"/>
<entry filename="Rez" lineNum="18" pc="268436220" symbol="WatchFace"/>
<entry filename="Rez" lineNum="22" pc="268436232" symbol="WatchFace"/>
<entry filename="Rez" lineNum="23" pc="268436360" symbol="WatchFace"/>
<entry filename="Rez" lineNum="24" pc="268436385" symbol="WatchFace"/>
<entry filename="Rez" lineNum="25" pc="268436431" symbol="WatchFace"/>
<entry filename="Rez" lineNum="26" pc="268436574" symbol="WatchFace"/>
<entry filename="Rez" lineNum="27" pc="268436599" symbol="WatchFace"/>
<entry filename="Rez" lineNum="28" pc="268436645" symbol="WatchFace"/>
<entry filename="Rez" lineNum="31" pc="268436732" symbol="WatchFace"/>
</pcToLineNum>
<symbolTable>
<entry id="8389124" method="true" symbol="onUpdate"/>
<entry field="true" id="8388611" module="true" symbol="Toybox"/>
<entry id="8388645" module="true" symbol="Time"/>
<entry id="8388770" module="true" object="true" symbol="Strings"/>
<entry id="8389280" method="true" symbol="getInitialView"/>
<entry id="8389377" method="true" symbol="onExitSleep"/>
<entry id="8388640" module="true" symbol="Lang"/>
<entry id="8388769" module="true" object="true" symbol="Rez"/>
<entry id="8389123" method="true" symbol="onShow"/>
<entry id="8388924" module="true" symbol="Gregorian"/>
<entry id="8388702" method="true" symbol="initialize"/>
<entry field="true" id="14" symbol="AppName"/>
<entry id="8389375" method="true" object="true" symbol="WatchFace"/>
<entry field="true" id="13" symbol="LauncherIcon"/>
<entry id="8389281" method="true" symbol="onStop"/>
<entry field="true" id="8389065" symbol="locY"/>
<entry field="true" id="8389064" symbol="locX"/>
<entry id="9" object="true" symbol="testprojView"/>
<entry id="8388771" module="true" object="true" symbol="Drawables"/>
<entry id="8389122" method="true" symbol="onLayout"/>
<entry id="8389279" method="true" symbol="onStart"/>
<entry id="8389376" method="true" symbol="onEnterSleep"/>
<entry id="8389348" symbol="font"/>
<entry id="8389347" symbol="color"/>
<entry field="true" id="15" symbol="isAwake"/>
<entry id="12" module="true" symbol="Layouts"/>
<entry id="8389125" method="true" symbol="onHide"/>
<entry id="8390088" module="true" object="true" symbol="JsonData"/>
<entry field="true" id="8389063" symbol="identifier"/>
<entry id="10" object="true" symbol="testprojApp"/>
<entry id="11" module="true" symbol="Menus"/>
<entry id="8388772" module="true" object="true" symbol="Fonts"/>
</symbolTable>
<localVars>
<entry endPc="268435521" name="dc" stackId="1" startPc="268435479"/>
<entry endPc="268436006" name="secView" stackId="13" startPc="268435909"/>
<entry endPc="268436006" name="seconds" stackId="12" startPc="268435909"/>
<entry endPc="268436050" name="secView" stackId="14" startPc="268436009"/>
<entry endPc="268436109" name="timeString" stackId="3" startPc="268435530"/>
<entry endPc="268436109" name="secondsX" stackId="11" startPc="268435530"/>
<entry endPc="268436109" name="width" stackId="10" startPc="268435530"/>
<entry endPc="268436109" name="currentDate" stackId="5" startPc="268435530"/>
<entry endPc="268436109" name="clockTime" stackId="2" startPc="268435530"/>
<entry endPc="268436109" name="dateView" stackId="8" startPc="268435530"/>
<entry endPc="268436109" name="trunc_year" stackId="6" startPc="268435530"/>
<entry endPc="268436109" name="mainClockView" stackId="4" startPc="268435530"/>
<entry endPc="268436109" name="dateString" stackId="7" startPc="268435530"/>
<entry endPc="268436109" name="height" stackId="9" startPc="268435530"/>
<entry endPc="268436110" name="dc" stackId="1" startPc="268435526"/>
<entry endPc="268436173" name="state" stackId="1" startPc="268436168"/>
<entry endPc="268436178" name="state" stackId="1" startPc="268436173"/>
<entry endPc="268436769" name="rez_cmp_local_bitmap_TimeLabel" stackId="2" startPc="268436232"/>
<entry endPc="268436769" name="rez_cmp_local_bitmap_DateLabel_fontHeight" stackId="5" startPc="268436232"/>
<entry endPc="268436769" name="rez_cmp_local_bitmap_DateLabel" stackId="4" startPc="268436232"/>
<entry endPc="268436769" name="rez_cmp_local_bitmap_SecondsLabel" stackId="6" startPc="268436232"/>
<entry endPc="268436769" name="rez_cmp_local_bitmap_TimeLabel_fontHeight" stackId="3" startPc="268436232"/>
<entry endPc="268436770" name="dc" stackId="1" startPc="268436220"/>
</localVars>
<annotations/>
<functions>
<functionEntry accessMode="public" name="initialize" parent="testprojView">
<documentation/>
</functionEntry>
<functionEntry accessMode="public" name="onLayout" parent="testprojView">
<param id="dc"/>
<documentation/>
</functionEntry>
<functionEntry accessMode="public" name="onShow" parent="testprojView">
<documentation/>
</functionEntry>
<functionEntry accessMode="public" name="onUpdate" parent="testprojView">
<param id="dc"/>
<documentation/>
</functionEntry>
<functionEntry accessMode="public" name="onHide" parent="testprojView">
<documentation/>
</functionEntry>
<functionEntry accessMode="public" name="onExitSleep" parent="testprojView">
<documentation/>
</functionEntry>
<functionEntry accessMode="public" name="onEnterSleep" parent="testprojView">
<documentation/>
</functionEntry>
<functionEntry accessMode="public" name="initialize" parent="testprojApp">
<documentation/>
</functionEntry>
<functionEntry accessMode="public" name="onStart" parent="testprojApp">
<param id="state"/>
<documentation/>
</functionEntry>
<functionEntry accessMode="public" name="onStop" parent="testprojApp">
<param id="state"/>
<documentation/>
</functionEntry>
<functionEntry accessMode="public" name="getInitialView" parent="testprojApp">
<documentation/>
</functionEntry>
<functionEntry accessMode="public" name="WatchFace" parent="Layouts">
<param id="dc"/>
<documentation><![CDATA[<div class="description"> Draw the layout<br/> param The context<br/></div>]]></documentation>
</functionEntry>
</functions>
<dataEntryOffsetMappings>
<dataEntry offset="87" parentId="" symbolId="globals" type="module"/>
<dataEntry offset="166" parentId="globals" symbolId="testprojApp" type="class"/>
<dataEntry offset="237" parentId="globals" symbolId="Rez" type="module"/>
<dataEntry offset="316" parentId="Rez" symbolId="Drawables" type="module"/>
<dataEntry offset="355" parentId="Rez" symbolId="Menus" type="module"/>
<dataEntry offset="386" parentId="Rez" symbolId="Fonts" type="module"/>
<dataEntry offset="417" parentId="Rez" symbolId="JsonData" type="module"/>
<dataEntry offset="448" parentId="Rez" symbolId="Layouts" type="module"/>
<dataEntry offset="487" parentId="Rez" symbolId="Strings" type="module"/>
<dataEntry offset="526" parentId="globals" symbolId="testprojView" type="class"/>
</dataEntryOffsetMappings>
</debugInfo>
